<?xml version="1.0" encoding="UTF-8"?>
<!-- Generated by org.testng.reporters.JUnitXMLReporter -->
<testsuite ignored="0" hostname="Sireesha" failures="1" tests="18" name="TutorialsNinja Tests" time="225.332" errors="0" timestamp="2023-06-17T13:03:22 IST">
  <testcase classname="com.tutorialsninja.qa.testcase.RigsterTest" name="verifyRegisterAnAccountWithMandatoryFields" time="1.904"/>
  <testcase classname="com.tutorialsninja.qa.testcase.RigsterTest" name="verifyRegisteringAccountByProvidingAllFields" time="2.309"/>
  <testcase classname="com.tutorialsninja.qa.testcase.RigsterTest" name="verifyRegisteringAccountWithExtistingEmailAddreess" time="1.582"/>
  <testcase classname="com.tutorialsninja.qa.testcase.Login2somechangesTest" name="verifyLoginWithValidCredentials" time="0.855"/>
  <testcase classname="com.tutorialsninja.qa.testcase.Login2somechangesTest" name="verifyLoginWithValidCredentials" time="1.312"/>
  <testcase classname="com.tutorialsninja.qa.testcase.Login2somechangesTest" name="verifyLoginWithValidCredentials" time="1.231"/>
  <testcase classname="com.tutorialsninja.qa.testcase.Login2somechangesTest" name="verifyLoginWithInvalidcredentials" time="1.282"/>
  <testcase classname="com.tutorialsninja.qa.testcase.Login2somechangesTest" name="verifyLoginWithInvalidcredentials" time="1.108"/>
  <testcase classname="com.tutorialsninja.qa.testcase.Login2somechangesTest" name="verifyLoginWithInvalidcredentials" time="0.91"/>
  <testcase classname="com.tutorialsninja.qa.testcase.Login2somechangesTest" name="verifyLoginWithInvalidEmailAndValidPassword" time="0.758"/>
  <testcase classname="com.tutorialsninja.qa.testcase.Login2somechangesTest" name="verifyLoginWithInvalidEmailAndValidPassword" time="1.534"/>
  <testcase classname="com.tutorialsninja.qa.testcase.Login2somechangesTest" name="verifyLoginWithInvalidEmailAndValidPassword" time="0.822"/>
  <testcase classname="com.tutorialsninja.qa.testcase.Login2somechangesTest" name="verifyLoginWithNoValues" time="0.592"/>
  <testcase classname="com.tutorialsninja.qa.testcase.Login2somechangesTest" name="verifyLoginWithNoValues" time="0.722"/>
  <testcase classname="com.tutorialsninja.qa.testcase.Login2somechangesTest" name="verifyLoginWithNoValues" time="1.247"/>
  <testcase classname="com.tutorialsninja.qa.testcase.SearchTest" name="verifySearchWithValidProduct" time="1.2"/>
  <testcase classname="com.tutorialsninja.qa.testcase.SearchTest" name="verifySearchWithInValidProduct" time="1.269">
    <failure type="java.lang.AssertionError" message="No product message in search results is not diplayed expected [abc] but found [There is no product that matches the search criteria.]">
      <![CDATA[java.lang.AssertionError: No product message in search results is not diplayed expected [abc] but found [There is no product that matches the search criteria.]
at com.tutorialsninja.qa.testcase.SearchTest.verifySearchWithInValidProduct(SearchTest.java:50)
at java.base/java.util.ArrayList.forEach(ArrayList.java:1511)
... Removed 32 stack frames]]>
    </failure>
  </testcase> <!-- verifySearchWithInValidProduct -->
  <testcase classname="com.tutorialsninja.qa.testcase.SearchTest" name="verifySearchWithoutAnyProduct" time="0.763"/>
</testsuite> <!-- TutorialsNinja Tests -->
